<?xml version="1.0" encoding="UTF-8"?>
<testsuite xmlns:xsi="http://www.w3.org/2001/XMLSchema-instance" xsi:schemaLocation="https://maven.apache.org/surefire/maven-surefire-plugin/xsd/surefire-test-report.xsd" name="TestSuite" time="8.168" tests="9" errors="0" skipped="2" failures="1">
  <properties>
[...]
</properties>
  <testcase name="clicktextBox" classname="org.sghs.elease.automation.testScripts.ElementTestScripts" time="0.765"/>
  <testcase name="clickSubmit" classname="org.sghs.elease.automation.testScripts.ElementTestScripts" time="0.074"/>
  <testcase name="clickcheckBox" classname="org.sghs.elease.automation.testScripts.ElementTestScripts" time="0.085"/>
  <testcase name="clickExpand" classname="org.sghs.elease.automation.testScripts.ElementTestScripts" time="0.078"/>
  <testcase name="clickPublicCheck" classname="org.sghs.elease.automation.testScripts.ElementTestScripts" time="0.106"/>
  <testcase name="clickCollapseBox" classname="org.sghs.elease.automation.testScripts.ElementTestScripts" time="0.049"/>
  <testcase name="clickWebTables" classname="org.sghs.elease.automation.testScripts.ElementTestScripts" time="0.149">
    <failure message="expected [false] but found [true]" type="java.lang.AssertionError">java.lang.AssertionError: expected [false] but found [true]
	at org.sghs.elease.automation.testScripts.ElementTestScripts.clickWebTables(ElementTestScripts.java:81)
</failure>
    <system-out><![CDATA[beforemethod on elementTextpage
]]></system-out>
  </testcase>
  <testcase name="clickAddButton" classname="org.sghs.elease.automation.testScripts.ElementTestScripts" time="0">
    <skipped message="Method ElementTestScripts.clickAddButton()[pri:11, instance:org.sghs.elease.automation.testScripts.ElementTestScripts@72ade7e3] depends on not successfully finished methods"/>
  </testcase>
  <testcase name="clicksubmitTable" classname="org.sghs.elease.automation.testScripts.ElementTestScripts" time="0">
    <skipped message="Method ElementTestScripts.clicksubmitTable()[pri:18, instance:org.sghs.elease.automation.testScripts.ElementTestScripts@72ade7e3] depends on not successfully finished methods"/>
  </testcase>
</testsuite>